# JRE version: OpenJDK Runtime Environment (8.0_242) (build 1.8.0_242-release-1644-b3-6222593)
# Java VM: OpenJDK 64-Bit Server VM (25.242-b3-6222593 mixed mode linux-amd64 compressed oops)
Heap:
 PSYoungGen      total 582144K, used 89055K [0x00000000d5580000, 0x00000000ff480000, 0x0000000100000000)
  eden space 476160K, 14% used [0x00000000d5580000,0x00000000d97962c0,0x00000000f2680000)
  from space 105984K, 20% used [0x00000000f2680000,0x00000000f3b61ca0,0x00000000f8e00000)
  to   space 100864K, 0% used [0x00000000f9200000,0x00000000f9200000,0x00000000ff480000)
 ParOldGen       total 1254912K, used 286439K [0x0000000080000000, 0x00000000cc980000, 0x00000000d5580000)
  object space 1254912K, 22% used [0x0000000080000000,0x00000000917b9ca0,0x00000000cc980000)
 Metaspace       used 119268K, capacity 129430K, committed 175128K, reserved 1200128K
  class space    used 14705K, capacity 16976K, committed 24624K, reserved 1048576K
GC Heap History (10 events):
Event: 6356,583 GC heap before
{Heap before GC invocations=106 (full 7):
 PSYoungGen      total 571392K, used 456192K [0x00000000d5580000, 0x00000000ffa00000, 0x0000000100000000)
  eden space 456192K, 100% used [0x00000000d5580000,0x00000000f1300000,0x00000000f1300000)
  from space 115200K, 0% used [0x00000000f8980000,0x00000000f8980000,0x00000000ffa00000)
  to   space 118272K, 0% used [0x00000000f1300000,0x00000000f1300000,0x00000000f8680000)
 ParOldGen       total 1254912K, used 264138K [0x0000000080000000, 0x00000000cc980000, 0x00000000d5580000)
  object space 1254912K, 21% used [0x0000000080000000,0x00000000901f2a20,0x00000000cc980000)
 Metaspace       used 118933K, capacity 129040K, committed 175128K, reserved 1200128K
  class space    used 14680K, capacity 16933K, committed 24624K, reserved 1048576K
Event: 6356,598 GC heap after
Heap after GC invocations=106 (full 7):
 PSYoungGen      total 574464K, used 27076K [0x00000000d5580000, 0x00000000ffa00000, 0x0000000100000000)
  eden space 456192K, 0% used [0x00000000d5580000,0x00000000d5580000,0x00000000f1300000)
  from space 118272K, 22% used [0x00000000f1300000,0x00000000f2d71200,0x00000000f8680000)
  to   space 113664K, 0% used [0x00000000f8b00000,0x00000000f8b00000,0x00000000ffa00000)
 ParOldGen       total 1254912K, used 264146K [0x0000000080000000, 0x00000000cc980000, 0x00000000d5580000)
  object space 1254912K, 21% used [0x0000000080000000,0x00000000901f4a20,0x00000000cc980000)
 Metaspace       used 118933K, capacity 129040K, committed 175128K, reserved 1200128K
  class space    used 14680K, capacity 16933K, committed 24624K, reserved 1048576K
}
Event: 6361,625 GC heap before
{Heap before GC invocations=107 (full 7):
 PSYoungGen      total 574464K, used 483268K [0x00000000d5580000, 0x00000000ffa00000, 0x0000000100000000)
  eden space 456192K, 100% used [0x00000000d5580000,0x00000000f1300000,0x00000000f1300000)
  from space 118272K, 22% used [0x00000000f1300000,0x00000000f2d71200,0x00000000f8680000)
  to   space 113664K, 0% used [0x00000000f8b00000,0x00000000f8b00000,0x00000000ffa00000)
 ParOldGen       total 1254912K, used 264146K [0x0000000080000000, 0x00000000cc980000, 0x00000000d5580000)
  object space 1254912K, 21% used [0x0000000080000000,0x00000000901f4a20,0x00000000cc980000)
 Metaspace       used 118974K, capacity 129104K, committed 175128K, reserved 1200128K
  class space    used 14680K, capacity 16933K, committed 24624K, reserved 1048576K
Event: 6361,637 GC heap after
Heap after GC invocations=107 (full 7):
 PSYoungGen      total 579072K, used 9056K [0x00000000d5580000, 0x00000000ff880000, 0x0000000100000000)
  eden space 466944K, 0% used [0x00000000d5580000,0x00000000d5580000,0x00000000f1d80000)
  from space 112128K, 8% used [0x00000000f8b00000,0x00000000f93d8000,0x00000000ff880000)
  to   space 112128K, 0% used [0x00000000f1d80000,0x00000000f1d80000,0x00000000f8b00000)
 ParOldGen       total 1254912K, used 270848K [0x0000000080000000, 0x00000000cc980000, 0x00000000d5580000)
  object space 1254912K, 21% used [0x0000000080000000,0x00000000908803a0,0x00000000cc980000)
 Metaspace       used 118974K, capacity 129104K, committed 175128K, reserved 1200128K
  class space    used 14680K, capacity 16933K, committed 24624K, reserved 1048576K
}
Event: 6361,868 GC heap before
{Heap before GC invocations=108 (full 7):
 PSYoungGen      total 579072K, used 476000K [0x00000000d5580000, 0x00000000ff880000, 0x0000000100000000)
  eden space 466944K, 100% used [0x00000000d5580000,0x00000000f1d80000,0x00000000f1d80000)
  from space 112128K, 8% used [0x00000000f8b00000,0x00000000f93d8000,0x00000000ff880000)
  to   space 112128K, 0% used [0x00000000f1d80000,0x00000000f1d80000,0x00000000f8b00000)
 ParOldGen       total 1254912K, used 270848K [0x0000000080000000, 0x00000000cc980000, 0x00000000d5580000)
  object space 1254912K, 21% used [0x0000000080000000,0x00000000908803a0,0x00000000cc980000)
 Metaspace       used 118992K, capacity 129110K, committed 175128K, reserved 1200128K
  class space    used 14681K, capacity 16934K, committed 24624K, reserved 1048576K
Event: 6361,882 GC heap after
Heap after GC invocations=108 (full 7):
 PSYoungGen      total 579072K, used 21879K [0x00000000d5580000, 0x00000000ff700000, 0x0000000100000000)
  eden space 466944K, 0% used [0x00000000d5580000,0x00000000d5580000,0x00000000f1d80000)
  from space 112128K, 19% used [0x00000000f1d80000,0x00000000f32ddf68,0x00000000f8b00000)
  to   space 107520K, 0% used [0x00000000f8e00000,0x00000000f8e00000,0x00000000ff700000)
 ParOldGen       total 1254912K, used 276194K [0x0000000080000000, 0x00000000cc980000, 0x00000000d5580000)
  object space 1254912K, 22% used [0x0000000080000000,0x0000000090db8bd0,0x00000000cc980000)
 Metaspace       used 118992K, capacity 129110K, committed 175128K, reserved 1200128K
  class space    used 14681K, capacity 16934K, committed 24624K, reserved 1048576K
}
Event: 6362,157 GC heap before
{Heap before GC invocations=109 (full 7):
 PSYoungGen      total 579072K, used 488823K [0x00000000d5580000, 0x00000000ff700000, 0x0000000100000000)
  eden space 466944K, 100% used [0x00000000d5580000,0x00000000f1d80000,0x00000000f1d80000)
  from space 112128K, 19% used [0x00000000f1d80000,0x00000000f32ddf68,0x00000000f8b00000)
  to   space 107520K, 0% used [0x00000000f8e00000,0x00000000f8e00000,0x00000000ff700000)
 ParOldGen       total 1254912K, used 276194K [0x0000000080000000, 0x00000000cc980000, 0x00000000d5580000)
  object space 1254912K, 22% used [0x0000000080000000,0x0000000090db8bd0,0x00000000cc980000)
 Metaspace       used 119000K, capacity 129122K, committed 175128K, reserved 1200128K
  class space    used 14682K, capacity 16936K, committed 24624K, reserved 1048576K
Event: 6362,169 GC heap after
Heap after GC invocations=109 (full 7):
 PSYoungGen      total 583680K, used 4736K [0x00000000d5580000, 0x00000000ff880000, 0x0000000100000000)
  eden space 476160K, 0% used [0x00000000d5580000,0x00000000d5580000,0x00000000f2680000)
  from space 107520K, 4% used [0x00000000f8e00000,0x00000000f92a0000,0x00000000ff700000)
  to   space 105984K, 0% used [0x00000000f2680000,0x00000000f2680000,0x00000000f8e00000)
 ParOldGen       total 1254912K, used 284259K [0x0000000080000000, 0x00000000cc980000, 0x00000000d5580000)
  object space 1254912K, 22% used [0x0000000080000000,0x0000000091598ea0,0x00000000cc980000)
 Metaspace       used 119000K, capacity 129122K, committed 175128K, reserved 1200128K
  class space    used 14682K, capacity 16936K, committed 24624K, reserved 1048576K
}
Event: 6365,305 GC heap before
{Heap before GC invocations=110 (full 7):
 PSYoungGen      total 583680K, used 480896K [0x00000000d5580000, 0x00000000ff880000, 0x0000000100000000)
  eden space 476160K, 100% used [0x00000000d5580000,0x00000000f2680000,0x00000000f2680000)
  from space 107520K, 4% used [0x00000000f8e00000,0x00000000f92a0000,0x00000000ff700000)
  to   space 105984K, 0% used [0x00000000f2680000,0x00000000f2680000,0x00000000f8e00000)
 ParOldGen       total 1254912K, used 284259K [0x0000000080000000, 0x00000000cc980000, 0x00000000d5580000)
  object space 1254912K, 22% used [0x0000000080000000,0x0000000091598ea0,0x00000000cc980000)
 Metaspace       used 119268K, capacity 129430K, committed 175128K, reserved 1200128K
  class space    used 14705K, capacity 16976K, committed 24624K, reserved 1048576K
Event: 6365,322 GC heap after
Heap after GC invocations=110 (full 7):
 PSYoungGen      total 582144K, used 21383K [0x00000000d5580000, 0x00000000ff480000, 0x0000000100000000)
  eden space 476160K, 0% used [0x00000000d5580000,0x00000000d5580000,0x00000000f2680000)
  from space 105984K, 20% used [0x00000000f2680000,0x00000000f3b61ca0,0x00000000f8e00000)
  to   space 100864K, 0% used [0x00000000f9200000,0x00000000f9200000,0x00000000ff480000)
 ParOldGen       total 1254912K, used 286439K [0x0000000080000000, 0x00000000cc980000, 0x00000000d5580000)
  object space 1254912K, 22% used [0x0000000080000000,0x00000000917b9ca0,0x00000000cc980000)
 Metaspace       used 119268K, capacity 129430K, committed 175128K, reserved 1200128K
  class space    used 14705K, capacity 16976K, committed 24624K, reserved 1048576K
}

